[2021-10-18 16:21:37,092][INFO][4587695616][main.py:88]SSRSpeed 1.01, Web Api Version 0.5.2
[2021-10-18 16:21:37,093][INFO][4587695616][platform_check.py:9]Platform Info : macOS-11.6-x86_64-i386-64bit
[2021-10-18 16:21:37,093][INFO][4587695616][requirements_check.py:73]Checking libsodium.
[2021-10-18 16:21:37,093][INFO][4587695616][platform_check.py:9]Platform Info : macOS-11.6-x86_64-i386-64bit
[2021-10-18 16:21:39,857][INFO][4587695616][requirements_check.py:57]Checking ./clients/v2ray-core/v2ctl
[2021-10-18 16:21:39,858][INFO][4587695616][requirements_check.py:57]Checking ./clients/v2ray-core/v2ray
[2021-10-18 16:21:39,859][INFO][4587695616][requirements_check.py:123]Shadowsocks-libev found /usr/local/bin/ss-local
[2021-10-18 16:21:39,860][INFO][4587695616][requirements_check.py:120]Obfs-Local found /usr/local/bin/obfs-local
[2021-10-18 16:21:39,860][INFO][4587695616][config_parser.py:176]Reading https://fast.losadhwselfff2332dasd.xyz/link/UHFeqi6SwVAesyOi?clash=2
[2021-10-18 16:21:41,115][INFO][4587695616][config_parser.py:220]Base64 decode failed.
[2021-10-18 16:21:41,649][WARNING][4587695616][node_filters.py:37]ğŸ”°å›½å¤–æµé‡ - 1 å®˜ç½‘: https://ç®¡äººç—´.com (127.0.0.1:33400) already in list.
[2021-10-18 16:21:41,693][WARNING][4587695616][node_filters.py:37]ğŸ”°å›½å¤–æµé‡ - ä¸­å›½-æ—¥æœ¬ å¤šåè®®æ ‡ç­¾äº¤æ¢è™šæ‹Ÿä¸“ç”¨ç½‘ï¼ˆä¸‰ï¼‰ H 1000Mbps (hr07.cathayroute.com:33400) already in list.
[2021-10-18 16:21:41,893][WARNING][4587695616][node_filters.py:37]ğŸ”°å›½å¤–æµé‡ - æœ¬ç«™æ— Insæ¨å¹¿æ¸ é“ Insæ¨å¹¿æ¸ é“å‡ä¸ºäºŒæ‰‹å€’å– (127.0.0.1:33400) already in list.
[2021-10-18 16:21:41,893][WARNING][4587695616][node_filters.py:37]ğŸ”°å›½å¤–æµé‡ - æœ¬ç«™æ— QQè´­ä¹°æ¸ é“ QQå–å®¶è´­ä¹°å‡ä¸ºäºŒæ‰‹å€’å– (127.0.0.1:33400) already in list.
[2021-10-18 16:21:41,894][WARNING][4587695616][node_filters.py:37]ğŸ”°å›½å¤–æµé‡ - æœ¬ç«™æ— å¾®ä¿¡è´­ä¹°æ¸ é“ å¾®ä¿¡è´­ä¹°å‡ä¸ºäºŒæ‰‹å€’å– (127.0.0.1:33400) already in list.
[2021-10-18 16:21:41,942][WARNING][4587695616][node_filters.py:37]ğŸ”°å›½å¤–æµé‡ - ç²¾ç®€ 30 (30.secureencryptedvirtualization.com:33400) already in list.
[2021-10-18 16:21:42,901][INFO][4587695616][config_parser.py:152]ğŸ”°å›½å¤–æµé‡ - 1 åŠ å…¥ç”¨æˆ·ç¾¤: https://t.me/joinchat/j_AxEbSzcX85NWI1
[2021-10-18 16:21:42,901][INFO][4587695616][config_parser.py:152]ğŸ”°å›½å¤–æµé‡ - ASYNCHRONOUS TRANSFERMODE æ°¸ä¹…è™šé€šè·¯è¿æ¥PVCC C01
[2021-10-18 16:21:42,901][INFO][4587695616][config_parser.py:152]ğŸ”°å›½å¤–æµé‡ - IPV6 ä¿„ç½—æ–¯ C01
[2021-10-18 16:21:42,902][INFO][4587695616][config_parser.py:152]ğŸ”°å›½å¤–æµé‡ - IPV6 åŠ æ‹¿å¤§ C01
[2021-10-18 16:21:42,902][INFO][4587695616][config_parser.py:152]ğŸ”°å›½å¤–æµé‡ - IPV6 æ—¥æœ¬ C01
[2021-10-18 16:21:42,902][INFO][4587695616][config_parser.py:152]ğŸ”°å›½å¤–æµé‡ - IPV6 æ³•å›½ C01
[2021-10-18 16:21:42,902][INFO][4587695616][config_parser.py:152]ğŸ”°å›½å¤–æµé‡ - IPV6 æ¾³å¤§åˆ©äºš C01
[2021-10-18 16:21:42,903][INFO][4587695616][config_parser.py:152]ğŸ”°å›½å¤–æµé‡ - ä¸­å›½-åŠ æ‹¿å¤§ IPLC C01
[2021-10-18 16:21:42,903][INFO][4587695616][config_parser.py:152]ğŸ”°å›½å¤–æµé‡ - ä¸­å›½-åŠ æ‹¿å¤§ IPLC C02
[2021-10-18 16:21:42,903][INFO][4587695616][config_parser.py:152]ğŸ”°å›½å¤–æµé‡ - ä¸­å›½-åŠ æ‹¿å¤§ IPLC C03
[2021-10-18 16:21:42,903][INFO][4587695616][config_parser.py:152]ğŸ”°å›½å¤–æµé‡ - ä¸­å›½-åŠ æ‹¿å¤§ IPLC C04
[2021-10-18 16:21:42,904][INFO][4587695616][config_parser.py:152]ğŸ”°å›½å¤–æµé‡ - ä¸­å›½-åŠ æ‹¿å¤§ IPLC C05
[2021-10-18 16:21:42,904][INFO][4587695616][config_parser.py:152]ğŸ”°å›½å¤–æµé‡ - ä¸­å›½-å°åº¦ ç­åŠ ç½—å°” à¤à¤¯à¤°à¤Ÿà¥‡à¤² IPLC C01
[2021-10-18 16:21:42,904][INFO][4587695616][config_parser.py:152]ğŸ”°å›½å¤–æµé‡ - ä¸­å›½-å°åº¦ ç­åŠ ç½—å°” à¤à¤¯à¤°à¤Ÿà¥‡à¤² IPLC C02
[2021-10-18 16:21:42,904][INFO][4587695616][config_parser.py:152]ğŸ”°å›½å¤–æµé‡ - ä¸­å›½-å°åº¦ ç­åŠ ç½—å°” à¤à¤¯à¤°à¤Ÿà¥‡à¤² IPLC C03
[2021-10-18 16:21:42,905][INFO][4587695616][config_parser.py:152]ğŸ”°å›½å¤–æµé‡ - ä¸­å›½-å°åº¦ ç­åŠ ç½—å°” à¤à¤¯à¤°à¤Ÿà¥‡à¤² IPLC C04
[2021-10-18 16:21:42,905][INFO][4587695616][config_parser.py:152]ğŸ”°å›½å¤–æµé‡ - ä¸­å›½-å°åº¦ ç­åŠ ç½—å°” à¤à¤¯à¤°à¤Ÿà¥‡à¤² IPLC C05
[2021-10-18 16:21:42,905][INFO][4587695616][config_parser.py:152]ğŸ”°å›½å¤–æµé‡ - ä¸­å›½-å°åº¦ ç­åŠ ç½—å°” à¤à¤¯à¤°à¤Ÿà¥‡à¤² IPLC C06
[2021-10-18 16:21:42,905][INFO][4587695616][config_parser.py:152]ğŸ”°å›½å¤–æµé‡ - ä¸­å›½-å°åº¦ ç­åŠ ç½—å°” à¤à¤¯à¤°à¤Ÿà¥‡à¤² IPLC C07
[2021-10-18 16:21:42,906][INFO][4587695616][config_parser.py:152]ğŸ”°å›½å¤–æµé‡ - ä¸­å›½-å°åº¦ ç­åŠ ç½—å°” à¤à¤¯à¤°à¤Ÿà¥‡à¤² IPLC C08
[2021-10-18 16:21:42,906][INFO][4587695616][config_parser.py:152]ğŸ”°å›½å¤–æµé‡ - ä¸­å›½-å°åº¦ ç­åŠ ç½—å°” à¤à¤¯à¤°à¤Ÿà¥‡à¤² IPLC C09
[2021-10-18 16:21:42,906][INFO][4587695616][config_parser.py:152]ğŸ”°å›½å¤–æµé‡ - ä¸­å›½-å°æ¹¾ VPDN å˜‰ä¹‰æ¸¸æˆä¸“çº¿ C01 Netflix åŠ¨ç”»ç–¯
[2021-10-18 16:21:42,906][INFO][4587695616][config_parser.py:152]ğŸ”°å›½å¤–æµé‡ - ä¸­å›½-å°æ¹¾ VPDN å˜‰ä¹‰æ¸¸æˆä¸“çº¿ C02 Netflix åŠ¨ç”»ç–¯
[2021-10-18 16:21:42,906][INFO][4587695616][config_parser.py:152]ğŸ”°å›½å¤–æµé‡ - ä¸­å›½-å°æ¹¾ VPDN å˜‰ä¹‰æ¸¸æˆä¸“çº¿ C03 Netflix åŠ¨ç”»ç–¯
[2021-10-18 16:21:42,907][INFO][4587695616][config_parser.py:152]ğŸ”°å›½å¤–æµé‡ - ä¸­å›½-å°æ¹¾ VPDN å˜‰ä¹‰æ¸¸æˆä¸“çº¿ C04 Netflix åŠ¨ç”»ç–¯
[2021-10-18 16:21:42,907][INFO][4587695616][config_parser.py:152]ğŸ”°å›½å¤–æµé‡ - ä¸­å›½-å°æ¹¾ VPDN å˜‰ä¹‰æ¸¸æˆä¸“çº¿ C05 Netflix åŠ¨ç”»ç–¯
[2021-10-18 16:21:42,907][INFO][4587695616][config_parser.py:152]ğŸ”°å›½å¤–æµé‡ - ä¸­å›½-å°æ¹¾ VPDN å˜‰ä¹‰æ¸¸æˆä¸“çº¿ C06 Netflix åŠ¨ç”»ç–¯
[2021-10-18 16:21:42,907][INFO][4587695616][config_parser.py:152]ğŸ”°å›½å¤–æµé‡ - ä¸­å›½-å°æ¹¾ VPDN å˜‰ä¹‰æ¸¸æˆä¸“çº¿ C07 Netflix åŠ¨ç”»ç–¯
[2021-10-18 16:21:42,907][INFO][4587695616][config_parser.py:152]ğŸ”°å›½å¤–æµé‡ - ä¸­å›½-å°æ¹¾ VPDN å˜‰ä¹‰æ¸¸æˆä¸“çº¿ C08 Netflix åŠ¨ç”»ç–¯
[2021-10-18 16:21:42,908][INFO][4587695616][config_parser.py:152]ğŸ”°å›½å¤–æµé‡ - ä¸­å›½-å°æ¹¾ VPDN å˜‰ä¹‰æ¸¸æˆä¸“çº¿ C09 Netflix åŠ¨ç”»ç–¯
[2021-10-18 16:21:42,908][INFO][4587695616][config_parser.py:152]ğŸ”°å›½å¤–æµé‡ - ä¸­å›½-å°æ¹¾ VPDN å˜‰ä¹‰æ¸¸æˆä¸“çº¿ C10 Netflix åŠ¨ç”»ç–¯
[2021-10-18 16:21:42,908][INFO][4587695616][config_parser.py:152]ğŸ”°å›½å¤–æµé‡ - ä¸­å›½-å°æ¹¾å½°åŒ– IEPL HiNetå›ºæ¥ C01 Netflix åŠ¨ç”»ç–¯
[2021-10-18 16:21:42,908][INFO][4587695616][config_parser.py:152]ğŸ”°å›½å¤–æµé‡ - ä¸­å›½-å°æ¹¾å½°åŒ– IEPL HiNetå›ºæ¥ C02 Netflix åŠ¨ç”»ç–¯
[2021-10-18 16:21:42,908][INFO][4587695616][config_parser.py:152]ğŸ”°å›½å¤–æµé‡ - ä¸­å›½-å°æ¹¾å½°åŒ– IEPL HiNetå›ºæ¥ C03 Netflix åŠ¨ç”»ç–¯
[2021-10-18 16:21:42,909][INFO][4587695616][config_parser.py:152]ğŸ”°å›½å¤–æµé‡ - ä¸­å›½-å°æ¹¾å½°åŒ– IEPL HiNetå›ºæ¥ C04 Netflix åŠ¨ç”»ç–¯
[2021-10-18 16:21:42,909][INFO][4587695616][config_parser.py:152]ğŸ”°å›½å¤–æµé‡ - ä¸­å›½-å°æ¹¾å½°åŒ– IEPL HiNetå›ºæ¥ C05 Netflix åŠ¨ç”»ç–¯
[2021-10-18 16:21:42,909][INFO][4587695616][config_parser.py:152]ğŸ”°å›½å¤–æµé‡ - ä¸­å›½-å°æ¹¾å½°åŒ– IEPL HiNetå›ºæ¥ C06 Netflix åŠ¨ç”»ç–¯
[2021-10-18 16:21:42,910][INFO][4587695616][config_parser.py:152]ğŸ”°å›½å¤–æµé‡ - ä¸­å›½-å°æ¹¾å½°åŒ– IEPL HiNetå›ºæ¥ C07 Netflix åŠ¨ç”»ç–¯
[2021-10-18 16:21:42,910][INFO][4587695616][config_parser.py:152]ğŸ”°å›½å¤–æµé‡ - ä¸­å›½-å°æ¹¾å½°åŒ– IEPL HiNetå›ºæ¥ C08 Netflix åŠ¨ç”»ç–¯
[2021-10-18 16:21:42,910][INFO][4587695616][config_parser.py:152]ğŸ”°å›½å¤–æµé‡ - ä¸­å›½-å°æ¹¾å½°åŒ– IEPL HiNetå›ºæ¥ C09 Netflix åŠ¨ç”»ç–¯
[2021-10-18 16:21:42,911][INFO][4587695616][config_parser.py:152]ğŸ”°å›½å¤–æµé‡ - ä¸­å›½-å°æ¹¾å½°åŒ– IEPL HiNetå›ºæ¥ C10 Netflix åŠ¨ç”»ç–¯
[2021-10-18 16:21:42,911][INFO][4587695616][config_parser.py:152]ğŸ”°å›½å¤–æµé‡ - ä¸­å›½-å°æ¹¾æ¡ƒå›­ IPLC å°æ¹¾å›ºç½‘ C01 Netflix åŠ¨ç”»ç–¯
[2021-10-18 16:21:42,911][INFO][4587695616][config_parser.py:152]ğŸ”°å›½å¤–æµé‡ - ä¸­å›½-å°æ¹¾æ¡ƒå›­ IPLC å°æ¹¾å›ºç½‘ C02 Netflix åŠ¨ç”»ç–¯
[2021-10-18 16:21:42,912][INFO][4587695616][config_parser.py:152]ğŸ”°å›½å¤–æµé‡ - ä¸­å›½-å°æ¹¾æ¡ƒå›­ IPLC å°æ¹¾å›ºç½‘ C03 Netflix åŠ¨ç”»ç–¯
[2021-10-18 16:21:42,912][INFO][4587695616][config_parser.py:152]ğŸ”°å›½å¤–æµé‡ - ä¸­å›½-å°æ¹¾æ¡ƒå›­ IPLC å°æ¹¾å›ºç½‘ C04 Netflix åŠ¨ç”»ç–¯
[2021-10-18 16:21:42,913][INFO][4587695616][config_parser.py:152]ğŸ”°å›½å¤–æµé‡ - ä¸­å›½-å°æ¹¾æ¡ƒå›­ IPLC å°æ¹¾å›ºç½‘ C05 Netflix åŠ¨ç”»ç–¯
[2021-10-18 16:21:42,913][INFO][4587695616][config_parser.py:152]ğŸ”°å›½å¤–æµé‡ - ä¸­å›½-å°æ¹¾æ¡ƒå›­ IPLC å°æ¹¾å›ºç½‘ C06 Netflix åŠ¨ç”»ç–¯
[2021-10-18 16:21:42,914][INFO][4587695616][config_parser.py:152]ğŸ”°å›½å¤–æµé‡ - ä¸­å›½-å°æ¹¾æ¡ƒå›­ IPLC å°æ¹¾å›ºç½‘ C07 Netflix åŠ¨ç”»ç–¯
[2021-10-18 16:21:42,914][INFO][4587695616][config_parser.py:152]ğŸ”°å›½å¤–æµé‡ - ä¸­å›½-å°æ¹¾æ¡ƒå›­ IPLC å°æ¹¾å›ºç½‘ C08 Netflix åŠ¨ç”»ç–¯
[2021-10-18 16:21:42,915][INFO][4587695616][config_parser.py:152]ğŸ”°å›½å¤–æµé‡ - ä¸­å›½-å°æ¹¾æ¡ƒå›­ IPLC å°æ¹¾å›ºç½‘ C09 Netflix åŠ¨ç”»ç–¯
[2021-10-18 16:21:42,915][INFO][4587695616][config_parser.py:152]ğŸ”°å›½å¤–æµé‡ - ä¸­å›½-å°æ¹¾æ¡ƒå›­ IPLC å°æ¹¾å›ºç½‘ C10 Netflix åŠ¨ç”»ç–¯
[2021-10-18 16:21:42,916][INFO][4587695616][config_parser.py:152]ğŸ”°å›½å¤–æµé‡ - ä¸­å›½-å°æ¹¾æ¡ƒå›­ IPLC å°æ¹¾å›ºç½‘ C11 Netflix åŠ¨ç”»ç–¯
[2021-10-18 16:21:42,916][INFO][4587695616][config_parser.py:152]ğŸ”°å›½å¤–æµé‡ - ä¸­å›½-æ—¥æœ¬ å¤šåè®®æ ‡ç­¾äº¤æ¢è™šæ‹Ÿä¸“ç”¨ç½‘ï¼ˆä¸‰ï¼‰ A 1000Mbps
[2021-10-18 16:21:42,917][INFO][4587695616][config_parser.py:152]ğŸ”°å›½å¤–æµé‡ - ä¸­å›½-æ—¥æœ¬ å¤šåè®®æ ‡ç­¾äº¤æ¢è™šæ‹Ÿä¸“ç”¨ç½‘ï¼ˆä¸‰ï¼‰ B 1000Mbps
[2021-10-18 16:21:42,917][INFO][4587695616][config_parser.py:152]ğŸ”°å›½å¤–æµé‡ - ä¸­å›½-æ—¥æœ¬ å¤šåè®®æ ‡ç­¾äº¤æ¢è™šæ‹Ÿä¸“ç”¨ç½‘ï¼ˆä¸‰ï¼‰ C 1000Mbps
[2021-10-18 16:21:42,917][INFO][4587695616][config_parser.py:152]ğŸ”°å›½å¤–æµé‡ - ä¸­å›½-æ—¥æœ¬ å¤šåè®®æ ‡ç­¾äº¤æ¢è™šæ‹Ÿä¸“ç”¨ç½‘ï¼ˆä¸‰ï¼‰ D 1000Mbps
[2021-10-18 16:21:42,918][INFO][4587695616][config_parser.py:152]ğŸ”°å›½å¤–æµé‡ - ä¸­å›½-æ—¥æœ¬ å¤šåè®®æ ‡ç­¾äº¤æ¢è™šæ‹Ÿä¸“ç”¨ç½‘ï¼ˆä¸‰ï¼‰ E 1000Mbps
[2021-10-18 16:21:42,918][INFO][4587695616][config_parser.py:152]ğŸ”°å›½å¤–æµé‡ - ä¸­å›½-æ—¥æœ¬ å¤šåè®®æ ‡ç­¾äº¤æ¢è™šæ‹Ÿä¸“ç”¨ç½‘ï¼ˆä¸‰ï¼‰ F 1000Mbps
[2021-10-18 16:21:42,918][INFO][4587695616][config_parser.py:152]ğŸ”°å›½å¤–æµé‡ - ä¸­å›½-æ—¥æœ¬ å¤šåè®®æ ‡ç­¾äº¤æ¢è™šæ‹Ÿä¸“ç”¨ç½‘ï¼ˆä¸‰ï¼‰ G 1000Mbps
[2021-10-18 16:21:42,918][INFO][4587695616][config_parser.py:152]ğŸ”°å›½å¤–æµé‡ - ä¸­å›½-æ—¥æœ¬ å¤šåè®®æ ‡ç­¾äº¤æ¢è™šæ‹Ÿä¸“ç”¨ç½‘ï¼ˆä¸‰ï¼‰ I 1000Mbps
[2021-10-18 16:21:42,919][INFO][4587695616][config_parser.py:152]ğŸ”°å›½å¤–æµé‡ - ä¸­å›½-æ—¥æœ¬ å¤šåè®®æ ‡ç­¾äº¤æ¢è™šæ‹Ÿä¸“ç”¨ç½‘ï¼ˆä¸‰ï¼‰ J 1000Mbps
[2021-10-18 16:21:42,919][INFO][4587695616][config_parser.py:152]ğŸ”°å›½å¤–æµé‡ - ä¸­å›½-æ—¥æœ¬ æ²ªæ—¥IEPLä¼ è¾“ Equinix-TY8 C01 Netflix
[2021-10-18 16:21:42,919][INFO][4587695616][config_parser.py:152]ğŸ”°å›½å¤–æµé‡ - ä¸­å›½-æ—¥æœ¬ æ²ªæ—¥IEPLä¼ è¾“ Equinix-TY8 C02 Netflix
[2021-10-18 16:21:42,919][INFO][4587695616][config_parser.py:152]ğŸ”°å›½å¤–æµé‡ - ä¸­å›½-æ—¥æœ¬ æ²ªæ—¥IEPLä¼ è¾“ Equinix-TY8 C03 Netflix
[2021-10-18 16:21:42,920][INFO][4587695616][config_parser.py:152]ğŸ”°å›½å¤–æµé‡ - ä¸­å›½-æ—¥æœ¬ æ²ªæ—¥IEPLä¼ è¾“ Equinix-TY8 C04 Netflix
[2021-10-18 16:21:42,920][INFO][4587695616][config_parser.py:152]ğŸ”°å›½å¤–æµé‡ - ä¸­å›½-æ—¥æœ¬ æ²ªæ—¥IEPLä¼ è¾“ Equinix-TY8 C05 Netflix
[2021-10-18 16:21:42,920][INFO][4587695616][config_parser.py:152]ğŸ”°å›½å¤–æµé‡ - ä¸­å›½-æ—¥æœ¬ æ²ªæ—¥IEPLä¼ è¾“ Equinix-TY8 C06 Netflix
[2021-10-18 16:21:42,921][INFO][4587695616][config_parser.py:152]ğŸ”°å›½å¤–æµé‡ - ä¸­å›½-æ—¥æœ¬ æ²ªæ—¥IEPLä¼ è¾“ Equinix-TY8 C07 Netflix
[2021-10-18 16:21:42,921][INFO][4587695616][config_parser.py:152]ğŸ”°å›½å¤–æµé‡ - ä¸­å›½-æ—¥æœ¬ æ²ªæ—¥IEPLä¼ è¾“ Equinix-TY8 C08 Netflix
[2021-10-18 16:21:42,922][INFO][4587695616][config_parser.py:152]ğŸ”°å›½å¤–æµé‡ - ä¸­å›½-æ³•å›½ IPLC C01
[2021-10-18 16:21:42,922][INFO][4587695616][config_parser.py:152]ğŸ”°å›½å¤–æµé‡ - ä¸­å›½-æ³•å›½ IPLC C02
[2021-10-18 16:21:42,922][INFO][4587695616][config_parser.py:152]ğŸ”°å›½å¤–æµé‡ - ä¸­å›½-æ³•å›½ IPLC C03
[2021-10-18 16:21:42,922][INFO][4587695616][config_parser.py:152]ğŸ”°å›½å¤–æµé‡ - ä¸­å›½-æ³•å›½ IPLC C04
[2021-10-18 16:21:42,923][INFO][4587695616][config_parser.py:152]ğŸ”°å›½å¤–æµé‡ - ä¸­å›½-æ³•å›½ IPLC C05
[2021-10-18 16:21:42,923][INFO][4587695616][config_parser.py:152]ğŸ”°å›½å¤–æµé‡ - ä¸­å›½-æ¾³å¤§åˆ©äºš IPLC æ‚‰å°¼ C01
[2021-10-18 16:21:42,923][INFO][4587695616][config_parser.py:152]ğŸ”°å›½å¤–æµé‡ - ä¸­å›½-æ¾³å¤§åˆ©äºš IPLC æ‚‰å°¼ C02
[2021-10-18 16:21:42,923][INFO][4587695616][config_parser.py:152]ğŸ”°å›½å¤–æµé‡ - ä¸­å›½-æ¾³å¤§åˆ©äºš IPLC æ‚‰å°¼ C03
[2021-10-18 16:21:42,924][INFO][4587695616][config_parser.py:152]ğŸ”°å›½å¤–æµé‡ - ä¸­å›½-æ¾³å¤§åˆ©äºš IPLC æ‚‰å°¼ C04
[2021-10-18 16:21:42,924][INFO][4587695616][config_parser.py:152]ğŸ”°å›½å¤–æµé‡ - ä¸­å›½-æ¾³å¤§åˆ©äºš IPLC æ‚‰å°¼ C05
[2021-10-18 16:21:42,924][INFO][4587695616][config_parser.py:152]ğŸ”°å›½å¤–æµé‡ - ä¸­å›½-çˆ±å°”å…° IPLC C01
[2021-10-18 16:21:42,924][INFO][4587695616][config_parser.py:152]ğŸ”°å›½å¤–æµé‡ - ä¸­å›½-çˆ±å°”å…° IPLC C02
[2021-10-18 16:21:42,925][INFO][4587695616][config_parser.py:152]ğŸ”°å›½å¤–æµé‡ - ä¸­å›½-çˆ±å°”å…° IPLC C03
[2021-10-18 16:21:42,925][INFO][4587695616][config_parser.py:152]ğŸ”°å›½å¤–æµé‡ - ä¸­å›½-çˆ±å°”å…° IPLC C04
[2021-10-18 16:21:42,925][INFO][4587695616][config_parser.py:152]ğŸ”°å›½å¤–æµé‡ - ä¸­å›½-çˆ±å°”å…° IPLC C05
[2021-10-18 16:21:42,925][INFO][4587695616][config_parser.py:152]ğŸ”°å›½å¤–æµé‡ - ä¸­å›½-è‹±å›½ä¼¦æ•¦ IPLC BBC C01
[2021-10-18 16:21:42,926][INFO][4587695616][config_parser.py:152]ğŸ”°å›½å¤–æµé‡ - ä¸­å›½-è‹±å›½ä¼¦æ•¦ IPLC BBC C02
[2021-10-18 16:21:42,926][INFO][4587695616][config_parser.py:152]ğŸ”°å›½å¤–æµé‡ - ä¸­å›½-è‹±å›½ä¼¦æ•¦ IPLC BBC C03
[2021-10-18 16:21:42,926][INFO][4587695616][config_parser.py:152]ğŸ”°å›½å¤–æµé‡ - ä¸­å›½-è‹±å›½ä¼¦æ•¦ IPLC BBC C04
[2021-10-18 16:21:42,926][INFO][4587695616][config_parser.py:152]ğŸ”°å›½å¤–æµé‡ - ä¸­å›½-è‹±å›½ä¼¦æ•¦ IPLC BBC C05
[2021-10-18 16:21:42,927][INFO][4587695616][config_parser.py:152]ğŸ”°å›½å¤–æµé‡ - ä¸­å›½-è‹±å›½ä¼¦æ•¦ IPLC BBC C06
[2021-10-18 16:21:42,927][INFO][4587695616][config_parser.py:152]ğŸ”°å›½å¤–æµé‡ - ä¸­å›½-éŸ©å›½ IEPLï¼ˆä¸‰ï¼‰A 1Gbps
[2021-10-18 16:21:42,927][INFO][4587695616][config_parser.py:152]ğŸ”°å›½å¤–æµé‡ - ä¸­å›½-éŸ©å›½ IEPLï¼ˆä¸‰ï¼‰B 1Gbps
[2021-10-18 16:21:42,927][INFO][4587695616][config_parser.py:152]ğŸ”°å›½å¤–æµé‡ - ä¸­å›½-éŸ©å›½ IEPLï¼ˆä¸‰ï¼‰C 1Gbps
[2021-10-18 16:21:42,928][INFO][4587695616][config_parser.py:152]ğŸ”°å›½å¤–æµé‡ - ä¸­å›½-éŸ©å›½ IEPLï¼ˆä¸‰ï¼‰D 1Gbps
[2021-10-18 16:21:42,928][INFO][4587695616][config_parser.py:152]ğŸ”°å›½å¤–æµé‡ - ä¸­å›½-éŸ©å›½ IEPLï¼ˆä¸‰ï¼‰E 1Gbps
[2021-10-18 16:21:42,929][INFO][4587695616][config_parser.py:152]ğŸ”°å›½å¤–æµé‡ - ä¸­å›½-é¦™æ¸¯ IEPL Equinix HK8 C 01 1Gbps Netflix HBO TVB
[2021-10-18 16:21:42,930][INFO][4587695616][config_parser.py:152]ğŸ”°å›½å¤–æµé‡ - ä¸­å›½-é¦™æ¸¯ IEPL Equinix HK8 C 02 1Gbps Netflix HBO TVB
[2021-10-18 16:21:42,930][INFO][4587695616][config_parser.py:152]ğŸ”°å›½å¤–æµé‡ - ä¸­å›½-é¦™æ¸¯ IEPL Equinix HK8 C 03 1Gbps Netflix HBO TVB
[2021-10-18 16:21:42,931][INFO][4587695616][config_parser.py:152]ğŸ”°å›½å¤–æµé‡ - ä¸­å›½-é¦™æ¸¯ IEPL Equinix HK8 C 04 1Gbps Netflix HBO TVB
[2021-10-18 16:21:42,932][INFO][4587695616][config_parser.py:152]ğŸ”°å›½å¤–æµé‡ - ä¸­å›½-é¦™æ¸¯ IEPL Equinix HK8 C 05 1Gbps Netflix HBO TVB
[2021-10-18 16:21:42,933][INFO][4587695616][config_parser.py:152]ğŸ”°å›½å¤–æµé‡ - ä¸­å›½-é¦™æ¸¯ IEPL Equinix HK8 C 06 1Gbps Netflix HBO TVB
[2021-10-18 16:21:42,933][INFO][4587695616][config_parser.py:152]ğŸ”°å›½å¤–æµé‡ - ä¸­å›½-é¦™æ¸¯ IEPL Equinix HK8 C 07 1Gbps Netflix HBO TVB
[2021-10-18 16:21:42,934][INFO][4587695616][config_parser.py:152]ğŸ”°å›½å¤–æµé‡ - ä¸­å›½-é¦™æ¸¯ IEPL Equinix HK8 C 08 1Gbps Netflix HBO TVB
[2021-10-18 16:21:42,935][INFO][4587695616][config_parser.py:152]ğŸ”°å›½å¤–æµé‡ - ä¸­å›½-é¦™æ¸¯ IEPL Equinix HK8 C 09 1Gbps Netflix HBO TVB
[2021-10-18 16:21:42,936][INFO][4587695616][config_parser.py:152]ğŸ”°å›½å¤–æµé‡ - ä¸­å›½-é¦™æ¸¯ IEPL Equinix HK8 C 10 1Gbps Netflix HBO TVB
[2021-10-18 16:21:42,936][INFO][4587695616][config_parser.py:152]ğŸ”°å›½å¤–æµé‡ - ä¸­å›½-é¦™æ¸¯ IPLC Equinix HK2 C 01 1Gbps Netflix HBO TVB
[2021-10-18 16:21:42,936][INFO][4587695616][config_parser.py:152]ğŸ”°å›½å¤–æµé‡ - ä¸­å›½-é¦™æ¸¯ IPLC Equinix HK2 C 02 1Gbps Netflix HBO TVB
[2021-10-18 16:21:42,937][INFO][4587695616][config_parser.py:152]ğŸ”°å›½å¤–æµé‡ - ä¸­å›½-é¦™æ¸¯ IPLC Equinix HK2 C 03 1Gbps Netflix HBO TVB
[2021-10-18 16:21:42,937][INFO][4587695616][config_parser.py:152]ğŸ”°å›½å¤–æµé‡ - ä¸­å›½-é¦™æ¸¯ IPLC Equinix HK2 C 04 1Gbps Netflix HBO TVB
[2021-10-18 16:21:42,937][INFO][4587695616][config_parser.py:152]ğŸ”°å›½å¤–æµé‡ - ä¸­å›½-é¦™æ¸¯ IPLC Equinix HK2 C 05 1Gbps Netflix HBO TVB
[2021-10-18 16:21:42,937][INFO][4587695616][config_parser.py:152]ğŸ”°å›½å¤–æµé‡ - ä¸­å›½-é¦™æ¸¯ IPLC Equinix HK2 C 06 1Gbps Netflix HBO TVB
[2021-10-18 16:21:42,938][INFO][4587695616][config_parser.py:152]ğŸ”°å›½å¤–æµé‡ - ä¸­å›½-é¦™æ¸¯ IPLC Equinix HK2 C 07 1Gbps Netflix HBO TVB
[2021-10-18 16:21:42,938][INFO][4587695616][config_parser.py:152]ğŸ”°å›½å¤–æµé‡ - ä¸­å›½-é¦™æ¸¯ IPLC Equinix HK2 C 08 1Gbps Netflix HBO TVB
[2021-10-18 16:21:42,938][INFO][4587695616][config_parser.py:152]ğŸ”°å›½å¤–æµé‡ - ä¸­å›½-é¦™æ¸¯ IPLC Equinix HK2 C 09 1Gbps Netflix HBO TVB
[2021-10-18 16:21:42,939][INFO][4587695616][config_parser.py:152]ğŸ”°å›½å¤–æµé‡ - ä¸­å›½-é¦™æ¸¯ IPLC Equinix HK2 C 10 1Gbps Netflix HBO TVB
[2021-10-18 16:21:42,940][INFO][4587695616][config_parser.py:152]ğŸ”°å›½å¤–æµé‡ - å› V2rayé‡å¤§æ¼æ´é—®é¢˜ï¼Œæš‚æ—¶ä¸‹æ¶å…¨éƒ¨V2èŠ‚ç‚¹ã€‚è¯·ä½¿ç”¨ssr/ssè¿æ¥æ–¹å¼è¿›è¡Œä½¿ç”¨ã€‚
[2021-10-18 16:21:42,942][INFO][4587695616][config_parser.py:152]ğŸ”°å›½å¤–æµé‡ - æ–°åŠ å¡ Legacy Magic IEPL ä¸­ç»§ C01 Netflix
[2021-10-18 16:21:42,943][INFO][4587695616][config_parser.py:152]ğŸ”°å›½å¤–æµé‡ - æ–°åŠ å¡ Legacy Magic IEPL ä¸­ç»§ C02 Netflix
[2021-10-18 16:21:42,944][INFO][4587695616][config_parser.py:152]ğŸ”°å›½å¤–æµé‡ - æ–°åŠ å¡ Legacy Magic IEPL ä¸­ç»§ C03 Netflix
[2021-10-18 16:21:42,945][INFO][4587695616][config_parser.py:152]ğŸ”°å›½å¤–æµé‡ - æ–°åŠ å¡ Legacy Magic IEPL ä¸­ç»§ C04 Netflix
[2021-10-18 16:21:42,946][INFO][4587695616][config_parser.py:152]ğŸ”°å›½å¤–æµé‡ - æ–°åŠ å¡ Legacy Magic IEPL ä¸­ç»§ C05 Netflix
[2021-10-18 16:21:42,947][INFO][4587695616][config_parser.py:152]ğŸ”°å›½å¤–æµé‡ - æ–°åŠ å¡ Magic IEPL ä¸­ç»§ C01 Netflix
[2021-10-18 16:21:42,948][INFO][4587695616][config_parser.py:152]ğŸ”°å›½å¤–æµé‡ - æ–°åŠ å¡ Magic IEPL ä¸­ç»§ C02 Netflix
[2021-10-18 16:21:42,948][INFO][4587695616][config_parser.py:152]ğŸ”°å›½å¤–æµé‡ - æ–°åŠ å¡ Magic IEPL ä¸­ç»§ C03 Netflix
[2021-10-18 16:21:42,948][INFO][4587695616][config_parser.py:152]ğŸ”°å›½å¤–æµé‡ - æ–°åŠ å¡ Magic IEPL ä¸­ç»§ C04 Netflix
[2021-10-18 16:21:42,949][INFO][4587695616][config_parser.py:152]ğŸ”°å›½å¤–æµé‡ - æ–°åŠ å¡ Magic IEPL ä¸­ç»§ C05 Netflix
[2021-10-18 16:21:42,949][INFO][4587695616][config_parser.py:152]ğŸ”°å›½å¤–æµé‡ - æ–°åŠ å¡é«˜çº§ IEPL ä¸­ç»§ C01 Netflix
[2021-10-18 16:21:42,950][INFO][4587695616][config_parser.py:152]ğŸ”°å›½å¤–æµé‡ - æ–°åŠ å¡é«˜çº§ IEPL ä¸­ç»§ C02 Netflix
[2021-10-18 16:21:42,950][INFO][4587695616][config_parser.py:152]ğŸ”°å›½å¤–æµé‡ - æ–°åŠ å¡é«˜çº§ IEPL ä¸­ç»§ C03 Netflix
[2021-10-18 16:21:42,951][INFO][4587695616][config_parser.py:152]ğŸ”°å›½å¤–æµé‡ - æ—¥æœ¬ ã‚½ãƒ•ãƒˆãƒãƒ³ã‚¯ C01 500Mbps 1å€ Netflix
[2021-10-18 16:21:42,951][INFO][4587695616][config_parser.py:152]ğŸ”°å›½å¤–æµé‡ - æ—¥æœ¬ ã‚½ãƒ•ãƒˆãƒãƒ³ã‚¯ C02 500Mbps 1å€ Netflix
[2021-10-18 16:21:42,952][INFO][4587695616][config_parser.py:152]ğŸ”°å›½å¤–æµé‡ - æ—¥æœ¬ ã‚½ãƒ•ãƒˆãƒãƒ³ã‚¯ C03 500Mbps 1å€ Netflix
[2021-10-18 16:21:42,952][INFO][4587695616][config_parser.py:152]ğŸ”°å›½å¤–æµé‡ - æ—¥æœ¬ ã‚½ãƒ•ãƒˆãƒãƒ³ã‚¯ C04 500Mbps 1å€ Netflix
[2021-10-18 16:21:42,953][INFO][4587695616][config_parser.py:152]ğŸ”°å›½å¤–æµé‡ - æ—¥æœ¬ ã‚½ãƒ•ãƒˆãƒãƒ³ã‚¯ C05 500Mbps 1å€ Netflix
[2021-10-18 16:21:42,953][INFO][4587695616][config_parser.py:152]ğŸ”°å›½å¤–æµé‡ - æ—¥æœ¬ ã‚½ãƒ•ãƒˆãƒãƒ³ã‚¯ C06 500Mbps 1å€ Netflix
[2021-10-18 16:21:42,953][INFO][4587695616][config_parser.py:152]ğŸ”°å›½å¤–æµé‡ - æ—¥æœ¬ ã‚½ãƒ•ãƒˆãƒãƒ³ã‚¯ C07 500Mbps 1å€ Netflix
[2021-10-18 16:21:42,954][INFO][4587695616][config_parser.py:152]ğŸ”°å›½å¤–æµé‡ - æ—¥æœ¬ ã‚½ãƒ•ãƒˆãƒãƒ³ã‚¯ C08 500Mbps 1å€ Netflix
[2021-10-18 16:21:42,954][INFO][4587695616][config_parser.py:152]ğŸ”°å›½å¤–æµé‡ - æ—¥æœ¬ ã‚½ãƒ•ãƒˆãƒãƒ³ã‚¯ C09 500Mbps 1å€ Netflix
[2021-10-18 16:21:42,954][INFO][4587695616][config_parser.py:152]ğŸ”°å›½å¤–æµé‡ - æ—¥æœ¬ ã‚½ãƒ•ãƒˆãƒãƒ³ã‚¯ C10 500Mbps 1å€ Netflix
[2021-10-18 16:21:42,955][INFO][4587695616][config_parser.py:152]ğŸ”°å›½å¤–æµé‡ - æ—¥æœ¬ ã‚½ãƒ•ãƒˆãƒãƒ³ã‚¯ C11 500Mbps 1å€ Netflix
[2021-10-18 16:21:42,955][INFO][4587695616][config_parser.py:152]ğŸ”°å›½å¤–æµé‡ - æ—¥æœ¬ ã‚½ãƒ•ãƒˆãƒãƒ³ã‚¯ C12 500Mbps 1å€ Netflix
[2021-10-18 16:21:42,956][INFO][4587695616][config_parser.py:152]ğŸ”°å›½å¤–æµé‡ - æ²ªæ¸¯ IEPLä¸“çº¿ æ¸¯åŒºTVB/HBO/Netflixè§£é” C01
[2021-10-18 16:21:42,956][INFO][4587695616][config_parser.py:152]ğŸ”°å›½å¤–æµé‡ - æ²ªæ¸¯ IEPLä¸“çº¿ æ¸¯åŒºTVB/HBO/Netflixè§£é” C02
[2021-10-18 16:21:42,958][INFO][4587695616][config_parser.py:152]ğŸ”°å›½å¤–æµé‡ - æ²ªæ¸¯ IEPLä¸“çº¿ æ¸¯åŒºTVB/HBO/Netflixè§£é” C03
[2021-10-18 16:21:42,958][INFO][4587695616][config_parser.py:152]ğŸ”°å›½å¤–æµé‡ - æ²ªæ¸¯ IEPLä¸“çº¿ æ¸¯åŒºTVB/HBO/Netflixè§£é” C04
[2021-10-18 16:21:42,959][INFO][4587695616][config_parser.py:152]ğŸ”°å›½å¤–æµé‡ - æ²ªæ¸¯ IEPLä¸“çº¿ æ¸¯åŒºTVB/HBO/Netflixè§£é” C05
[2021-10-18 16:21:42,959][INFO][4587695616][config_parser.py:152]ğŸ”°å›½å¤–æµé‡ - ç²¾ç®€ 21
[2021-10-18 16:21:42,960][INFO][4587695616][config_parser.py:152]ğŸ”°å›½å¤–æµé‡ - ç²¾ç®€ 22
[2021-10-18 16:21:42,960][INFO][4587695616][config_parser.py:152]ğŸ”°å›½å¤–æµé‡ - ç²¾ç®€ 23
[2021-10-18 16:21:42,961][INFO][4587695616][config_parser.py:152]ğŸ”°å›½å¤–æµé‡ - ç²¾ç®€ 24
[2021-10-18 16:21:42,961][INFO][4587695616][config_parser.py:152]ğŸ”°å›½å¤–æµé‡ - ç²¾ç®€ 25
[2021-10-18 16:21:42,962][INFO][4587695616][config_parser.py:152]ğŸ”°å›½å¤–æµé‡ - ç²¾ç®€ 26
[2021-10-18 16:21:42,962][INFO][4587695616][config_parser.py:152]ğŸ”°å›½å¤–æµé‡ - ç²¾ç®€ 27
[2021-10-18 16:21:42,963][INFO][4587695616][config_parser.py:152]ğŸ”°å›½å¤–æµé‡ - ç²¾ç®€ 28
[2021-10-18 16:21:42,963][INFO][4587695616][config_parser.py:152]ğŸ”°å›½å¤–æµé‡ - ç²¾ç®€ 29
[2021-10-18 16:21:42,964][INFO][4587695616][config_parser.py:152]ğŸ”°å›½å¤–æµé‡ - ç¾å›½å®éªŒæ€§ IEPL ä¸­ç»§ C01
[2021-10-18 16:21:42,964][INFO][4587695616][config_parser.py:152]ğŸ”°å›½å¤–æµé‡ - ç¾å›½å®éªŒæ€§ IEPL ä¸­ç»§ C02
[2021-10-18 16:21:42,965][INFO][4587695616][config_parser.py:152]ğŸ”°å›½å¤–æµé‡ - ç¾å›½å®éªŒæ€§ IEPL ä¸­ç»§ C03
[2021-10-18 16:21:42,966][INFO][4587695616][config_parser.py:152]ğŸ”°å›½å¤–æµé‡ - ç¾å›½å®éªŒæ€§ IEPL ä¸­ç»§ C04
[2021-10-18 16:21:42,967][INFO][4587695616][config_parser.py:152]ğŸ”°å›½å¤–æµé‡ - ç¾å›½å®éªŒæ€§ IEPL ä¸­ç»§ C05
[2021-10-18 16:21:42,967][INFO][4587695616][config_parser.py:152]ğŸ”°å›½å¤–æµé‡ - ç¾å›½é«˜çº§ IEPL ä¸­ç»§ C01
[2021-10-18 16:21:42,968][INFO][4587695616][config_parser.py:152]ğŸ”°å›½å¤–æµé‡ - ç¾å›½é«˜çº§ IEPL ä¸­ç»§ C02
[2021-10-18 16:21:42,968][INFO][4587695616][config_parser.py:152]ğŸ”°å›½å¤–æµé‡ - ç¾å›½é«˜çº§ IEPL ä¸­ç»§ C03
[2021-10-18 16:21:42,969][INFO][4587695616][config_parser.py:152]ğŸ”°å›½å¤–æµé‡ - ç¾å›½é«˜çº§ IEPL ä¸­ç»§ C04
[2021-10-18 16:21:42,969][INFO][4587695616][config_parser.py:152]ğŸ”°å›½å¤–æµé‡ - ç¾å›½é«˜çº§ IEPL ä¸­ç»§ C05
[2021-10-18 16:21:42,969][INFO][4587695616][config_parser.py:152]ğŸ”°å›½å¤–æµé‡ - éŸ©å›½ ì „ë¼ë¶ë„ ì „ì£¼ì‹œ å•†å®½ C 01
[2021-10-18 16:21:42,969][INFO][4587695616][config_parser.py:152]ğŸ”°å›½å¤–æµé‡ - éŸ©å›½ ì „ë¼ë¶ë„ ì „ì£¼ì‹œ å•†å®½ C 02
[2021-10-18 16:21:42,969][INFO][4587695616][config_parser.py:152]ğŸ”°å›½å¤–æµé‡ - éŸ©å›½ ì „ë¼ë¶ë„ ì „ì£¼ì‹œ å•†å®½ C 03
[2021-10-18 16:21:42,970][INFO][4587695616][config_parser.py:152]ğŸ”°å›½å¤–æµé‡ - éŸ©å›½ ì „ë¼ë¶ë„ ì „ì£¼ì‹œ å•†å®½ C 04
[2021-10-18 16:21:42,970][INFO][4587695616][config_parser.py:152]ğŸ”°å›½å¤–æµé‡ - éŸ©å›½ ì „ë¼ë¶ë„ ì „ì£¼ì‹œ å•†å®½ C 05
[2021-10-18 16:21:42,970][INFO][4587695616][config_parser.py:152]ğŸ”°å›½å¤–æµé‡ - éŸ©å›½ äº¬ç•¿é“æ¿æ¡¥ åŸç”Ÿæ¸¸æˆè§£é” C 01
[2021-10-18 16:21:42,971][INFO][4587695616][config_parser.py:152]ğŸ”°å›½å¤–æµé‡ - éŸ©å›½ äº¬ç•¿é“æ¿æ¡¥ åŸç”Ÿæ¸¸æˆè§£é” C 02
[2021-10-18 16:21:42,971][INFO][4587695616][config_parser.py:152]ğŸ”°å›½å¤–æµé‡ - éŸ©å›½ äº¬ç•¿é“æ¿æ¡¥ åŸç”Ÿæ¸¸æˆè§£é” C 03
[2021-10-18 16:21:42,972][INFO][4587695616][config_parser.py:152]ğŸ”°å›½å¤–æµé‡ - éŸ©å›½ äº¬ç•¿é“æ¿æ¡¥ åŸç”Ÿæ¸¸æˆè§£é” C 04
[2021-10-18 16:21:42,972][INFO][4587695616][config_parser.py:152]ğŸ”°å›½å¤–æµé‡ - éŸ©å›½ äº¬ç•¿é“æ¿æ¡¥ åŸç”Ÿæ¸¸æˆè§£é” C 05
[2021-10-18 16:21:42,972][INFO][4587695616][config_parser.py:152]ğŸ”°å›½å¤–æµé‡ - éŸ©å›½ äº¬ç•¿é“æ¿æ¡¥ åŸç”Ÿæ¸¸æˆè§£é” C 06
[2021-10-18 16:21:42,972][INFO][4587695616][config_parser.py:152]ğŸ”°å›½å¤–æµé‡ - éŸ©å›½ äº¬ç•¿é“æ¿æ¡¥ åŸç”Ÿæ¸¸æˆè§£é” C 07
[2021-10-18 16:21:42,973][INFO][4587695616][config_parser.py:152]ğŸ”°å›½å¤–æµé‡ - éŸ©å›½ äº¬ç•¿é“æ¿æ¡¥ åŸç”Ÿæ¸¸æˆè§£é” C 08
[2021-10-18 16:21:42,973][INFO][4587695616][config_parser.py:152]ğŸ”°å›½å¤–æµé‡ - éŸ©å›½ äº¬ç•¿é“æ¿æ¡¥ åŸç”Ÿæ¸¸æˆè§£é” C 09
[2021-10-18 16:21:42,973][INFO][4587695616][config_parser.py:152]ğŸ”°å›½å¤–æµé‡ - éŸ©å›½ äº¬ç•¿é“æ¿æ¡¥ åŸç”Ÿæ¸¸æˆè§£é” C 10
[2021-10-18 16:21:42,973][INFO][4587695616][config_parser.py:152]ğŸ”°å›½å¤–æµé‡ - é¦™æ¸¯ æ²¹å°–æ—ºå¾¡é‡‘Â·å›½å³¯ åæ°£é€šé›»è¨Š C01
[2021-10-18 16:21:42,973][INFO][4587695616][config_parser.py:152]ğŸ”°å›½å¤–æµé‡ - é¦™æ¸¯ æ²¹å°–æ—ºå¾¡é‡‘Â·å›½å³¯ åæ°£é€šé›»è¨Š C02
[2021-10-18 16:21:42,974][INFO][4587695616][config_parser.py:152]ğŸ”°å›½å¤–æµé‡ - é¦™æ¸¯ æ²¹å°–æ—ºå¾¡é‡‘Â·å›½å³¯ åæ°£é€šé›»è¨Š C03
[2021-10-18 16:21:42,974][INFO][4587695616][config_parser.py:152]ğŸ”°å›½å¤–æµé‡ - é¦™æ¸¯ æ²¹å°–æ—ºå¾¡é‡‘Â·å›½å³¯ åæ°£é€šé›»è¨Š C04
[2021-10-18 16:21:42,974][INFO][4587695616][config_parser.py:152]ğŸ”°å›½å¤–æµé‡ - é¦™æ¸¯ æ²¹å°–æ—ºå¾¡é‡‘Â·å›½å³¯ åæ°£é€šé›»è¨Š C06
[2021-10-18 16:21:42,975][INFO][4587695616][config_parser.py:152]ğŸ”°å›½å¤–æµé‡ - é¦™æ¸¯ æ²¹å°–æ—ºå¾¡é‡‘Â·å›½å³¯ åæ°£é€šé›»è¨Š C07
[2021-10-18 16:21:42,975][INFO][4587695616][config_parser.py:152]ğŸ”°å›½å¤–æµé‡ - é¦™æ¸¯ æ²¹å°–æ—ºå¾¡é‡‘Â·å›½å³¯ åæ°£é€šé›»è¨Š C08
[2021-10-18 16:21:42,975][INFO][4587695616][config_parser.py:152]ğŸ”°å›½å¤–æµé‡ - é¦™æ¸¯ æ²¹å°–æ—ºå¾¡é‡‘Â·å›½å³¯ åæ°£é€šé›»è¨Š C09
[2021-10-18 16:21:42,975][INFO][4587695616][config_parser.py:152]ğŸ”°å›½å¤–æµé‡ - é¦™æ¸¯ æ²¹å°–æ—ºå¾¡é‡‘Â·å›½å³¯ ç’°çƒå…¨åŸŸé›»è¨Š C01
[2021-10-18 16:21:42,975][INFO][4587695616][config_parser.py:152]ğŸ”°å›½å¤–æµé‡ - é¦™æ¸¯ æ²¹å°–æ—ºå¾¡é‡‘Â·å›½å³¯ ç’°çƒå…¨åŸŸé›»è¨Š C02
[2021-10-18 16:21:42,975][INFO][4587695616][config_parser.py:152]ğŸ”°å›½å¤–æµé‡ - é¦™æ¸¯ æ²¹å°–æ—ºå¾¡é‡‘Â·å›½å³¯ ç’°çƒå…¨åŸŸé›»è¨Š C03
[2021-10-18 16:21:42,976][INFO][4587695616][config_parser.py:152]ğŸ”°å›½å¤–æµé‡ - é¦™æ¸¯ æ²¹å°–æ—ºå¾¡é‡‘Â·å›½å³¯ ç’°çƒå…¨åŸŸé›»è¨Š C04
[2021-10-18 16:21:42,976][INFO][4587695616][config_parser.py:152]ğŸ”°å›½å¤–æµé‡ - é¦™æ¸¯ æ²¹å°–æ—ºå¾¡é‡‘Â·å›½å³¯ ç’°çƒå…¨åŸŸé›»è¨Š C05
[2021-10-18 16:21:42,976][INFO][4587695616][config_parser.py:152]ğŸ”°å›½å¤–æµé‡ - é¦™æ¸¯ æ²¹å°–æ—ºå¾¡é‡‘Â·å›½å³¯ ç’°çƒå…¨åŸŸé›»è¨Š C06
[2021-10-18 16:21:42,976][INFO][4587695616][config_parser.py:152]ğŸ”°å›½å¤–æµé‡ - é¦™æ¸¯ æ²¹å°–æ—ºå¾¡é‡‘Â·å›½å³¯ ç’°çƒå…¨åŸŸé›»è¨Š C07
[2021-10-18 16:21:42,977][INFO][4587695616][config_parser.py:152]ğŸ”°å›½å¤–æµé‡ - é¦™æ¸¯ æ²¹å°–æ—ºå¾¡é‡‘Â·å›½å³¯ ç’°çƒå…¨åŸŸé›»è¨Š C08
[2021-10-18 16:21:42,977][INFO][4587695616][config_parser.py:152]ğŸ”°å›½å¤–æµé‡ - é¦™æ¸¯ æ²¹å°–æ—ºå¾¡é‡‘Â·å›½å³¯ ç’°çƒå…¨åŸŸé›»è¨Š C09
[2021-10-18 16:21:42,977][INFO][4587695616][config_parser.py:152]ğŸ”°å›½å¤–æµé‡ - é¦™æ¸¯ æ²¹å°–æ—ºå¾¡é‡‘Â·å›½å³¯ ç’°çƒå…¨åŸŸé›»è¨Š C10
[2021-10-18 16:21:42,985][INFO][4587695616][ssrspeed_core.py:165]198 node(s) will be test.
[2021-10-18 16:21:42,994][INFO][4587695616][speed_test.py:421]Test mode : speed and tcp ping.Test method : FAST.
[2021-10-18 16:21:42,994][INFO][4587695616][speed_test.py:242]Starting test ğŸ”°å›½å¤–æµé‡ - 1 åŠ å…¥ç”¨æˆ·ç¾¤: https://t.me/joinchat/j_AxEbSzcX85NWI1 [1/198]
[2021-10-18 16:21:42,995][INFO][4587695616][platform_check.py:9]Platform Info : macOS-11.6-x86_64-i386-64bit
[2021-10-18 16:21:42,995][INFO][4587695616][platform_check.py:9]Platform Info : macOS-11.6-x86_64-i386-64bit
[2021-10-18 16:21:42,996][INFO][4587695616][platform_check.py:9]Platform Info : macOS-11.6-x86_64-i386-64bit
[2021-10-18 16:21:42,996][INFO][4587695616][platform_check.py:9]Platform Info : macOS-11.6-x86_64-i386-64bit
[2021-10-18 16:21:43,004][INFO][4587695616][client_shadowsocks.py:36]Starting Shadowsocks-libev with server 127.0.0.1:33400
[2021-10-18 16:21:44,011][INFO][4587695616][speed_test.py:276]Client started.
[2021-10-18 16:21:45,017][INFO][4587695616][geo_ip.py:46]Translating 127.0.0.1 to ipv4.
[2021-10-18 16:21:45,019][INFO][4587695616][geo_ip.py:63]Starting Geo IP.
[2021-10-18 16:21:45,060][ERROR][4587695616][geo_ip.py:76]Geo IP Failed.
Traceback (most recent call last):
  File "/Users/chinnsenn/.pyenv/versions/3.9.5/lib/python3.9/site-packages/urllib3/connectionpool.py", line 699, in urlopen
    httplib_response = self._make_request(
  File "/Users/chinnsenn/.pyenv/versions/3.9.5/lib/python3.9/site-packages/urllib3/connectionpool.py", line 382, in _make_request
    self._validate_conn(conn)
  File "/Users/chinnsenn/.pyenv/versions/3.9.5/lib/python3.9/site-packages/urllib3/connectionpool.py", line 1010, in _validate_conn
    conn.connect()
  File "/Users/chinnsenn/.pyenv/versions/3.9.5/lib/python3.9/site-packages/urllib3/connection.py", line 411, in connect
    self.sock = ssl_wrap_socket(
  File "/Users/chinnsenn/.pyenv/versions/3.9.5/lib/python3.9/site-packages/urllib3/util/ssl_.py", line 449, in ssl_wrap_socket
    ssl_sock = _ssl_wrap_socket_impl(
  File "/Users/chinnsenn/.pyenv/versions/3.9.5/lib/python3.9/site-packages/urllib3/util/ssl_.py", line 493, in _ssl_wrap_socket_impl
    return ssl_context.wrap_socket(sock, server_hostname=server_hostname)
  File "/Users/chinnsenn/.pyenv/versions/3.9.5/lib/python3.9/ssl.py", line 500, in wrap_socket
    return self.sslsocket_class._create(
  File "/Users/chinnsenn/.pyenv/versions/3.9.5/lib/python3.9/ssl.py", line 1040, in _create
    self.do_handshake()
  File "/Users/chinnsenn/.pyenv/versions/3.9.5/lib/python3.9/ssl.py", line 1309, in do_handshake
    self._sslobj.do_handshake()
ssl.SSLEOFError: EOF occurred in violation of protocol (_ssl.c:1129)

During handling of the above exception, another exception occurred:

Traceback (most recent call last):
  File "/Users/chinnsenn/.pyenv/versions/3.9.5/lib/python3.9/site-packages/requests/adapters.py", line 439, in send
    resp = conn.urlopen(
  File "/Users/chinnsenn/.pyenv/versions/3.9.5/lib/python3.9/site-packages/urllib3/connectionpool.py", line 755, in urlopen
    retries = retries.increment(
  File "/Users/chinnsenn/.pyenv/versions/3.9.5/lib/python3.9/site-packages/urllib3/util/retry.py", line 574, in increment
    raise MaxRetryError(_pool, url, error or ResponseError(cause))
urllib3.exceptions.MaxRetryError: SOCKSHTTPSConnectionPool(host='api.ip.sb', port=443): Max retries exceeded with url: /geoip/127.0.0.1 (Caused by SSLError(SSLEOFError(8, 'EOF occurred in violation of protocol (_ssl.c:1129)')))

During handling of the above exception, another exception occurred:

Traceback (most recent call last):
  File "/Users/chinnsenn/Developments.localized/PythonProjects/SSRSpeedN-Mod/ssrspeed/utils/geo_ip.py", line 66, in IPLoc
    rep = requests.get("https://api.ip.sb/geoip/{}".format(ip),proxies = {
  File "/Users/chinnsenn/.pyenv/versions/3.9.5/lib/python3.9/site-packages/requests/api.py", line 76, in get
    return request('get', url, params=params, **kwargs)
  File "/Users/chinnsenn/.pyenv/versions/3.9.5/lib/python3.9/site-packages/requests/api.py", line 61, in request
    return session.request(method=method, url=url, **kwargs)
  File "/Users/chinnsenn/.pyenv/versions/3.9.5/lib/python3.9/site-packages/requests/sessions.py", line 542, in request
    resp = self.send(prep, **send_kwargs)
  File "/Users/chinnsenn/.pyenv/versions/3.9.5/lib/python3.9/site-packages/requests/sessions.py", line 655, in send
    r = adapter.send(request, **kwargs)
  File "/Users/chinnsenn/.pyenv/versions/3.9.5/lib/python3.9/site-packages/requests/adapters.py", line 514, in send
    raise SSLError(e, request=request)
requests.exceptions.SSLError: SOCKSHTTPSConnectionPool(host='api.ip.sb', port=443): Max retries exceeded with url: /geoip/127.0.0.1 (Caused by SSLError(SSLEOFError(8, 'EOF occurred in violation of protocol (_ssl.c:1129)')))
[2021-10-18 16:21:45,079][INFO][4587695616][speed_test.py:111]Node inbound IP : 127.0.0.1, Geo : N/A Unknown City, N/A
[2021-10-18 16:21:45,080][INFO][4587695616][speed_test_methods.py:72]Testing latency to server.
[2021-10-18 16:21:45,080][ERROR][4587695616][ping.py:36]TCP Ping Exception:
Traceback (most recent call last):
  File "/Users/chinnsenn/Developments.localized/PythonProjects/SSRSpeedN-Mod/ssrspeed/speed_test/test_methods/ping.py", line 24, in tcp_ping
    s.connect((host,port))
ConnectionRefusedError: [Errno 61] Connection refused
[2021-10-18 16:21:45,082][ERROR][4587695616][ping.py:36]TCP Ping Exception:
Traceback (most recent call last):
  File "/Users/chinnsenn/Developments.localized/PythonProjects/SSRSpeedN-Mod/ssrspeed/speed_test/test_methods/ping.py", line 24, in tcp_ping
    s.connect((host,port))
ConnectionRefusedError: [Errno 61] Connection refused
[2021-10-18 16:21:45,083][ERROR][4587695616][ping.py:36]TCP Ping Exception:
Traceback (most recent call last):
  File "/Users/chinnsenn/Developments.localized/PythonProjects/SSRSpeedN-Mod/ssrspeed/speed_test/test_methods/ping.py", line 24, in tcp_ping
    s.connect((host,port))
ConnectionRefusedError: [Errno 61] Connection refused
[2021-10-18 16:21:46,089][INFO][4587695616][geo_ip.py:63]Starting Geo IP.
[2021-10-18 16:21:46,112][ERROR][4587695616][geo_ip.py:76]Geo IP Failed.
Traceback (most recent call last):
  File "/Users/chinnsenn/.pyenv/versions/3.9.5/lib/python3.9/site-packages/urllib3/connectionpool.py", line 699, in urlopen
    httplib_response = self._make_request(
  File "/Users/chinnsenn/.pyenv/versions/3.9.5/lib/python3.9/site-packages/urllib3/connectionpool.py", line 382, in _make_request
    self._validate_conn(conn)
  File "/Users/chinnsenn/.pyenv/versions/3.9.5/lib/python3.9/site-packages/urllib3/connectionpool.py", line 1010, in _validate_conn
    conn.connect()
  File "/Users/chinnsenn/.pyenv/versions/3.9.5/lib/python3.9/site-packages/urllib3/connection.py", line 411, in connect
    self.sock = ssl_wrap_socket(
  File "/Users/chinnsenn/.pyenv/versions/3.9.5/lib/python3.9/site-packages/urllib3/util/ssl_.py", line 449, in ssl_wrap_socket
    ssl_sock = _ssl_wrap_socket_impl(
  File "/Users/chinnsenn/.pyenv/versions/3.9.5/lib/python3.9/site-packages/urllib3/util/ssl_.py", line 493, in _ssl_wrap_socket_impl
    return ssl_context.wrap_socket(sock, server_hostname=server_hostname)
  File "/Users/chinnsenn/.pyenv/versions/3.9.5/lib/python3.9/ssl.py", line 500, in wrap_socket
    return self.sslsocket_class._create(
  File "/Users/chinnsenn/.pyenv/versions/3.9.5/lib/python3.9/ssl.py", line 1040, in _create
    self.do_handshake()
  File "/Users/chinnsenn/.pyenv/versions/3.9.5/lib/python3.9/ssl.py", line 1309, in do_handshake
    self._sslobj.do_handshake()
ssl.SSLEOFError: EOF occurred in violation of protocol (_ssl.c:1129)

During handling of the above exception, another exception occurred:

Traceback (most recent call last):
  File "/Users/chinnsenn/.pyenv/versions/3.9.5/lib/python3.9/site-packages/requests/adapters.py", line 439, in send
    resp = conn.urlopen(
  File "/Users/chinnsenn/.pyenv/versions/3.9.5/lib/python3.9/site-packages/urllib3/connectionpool.py", line 755, in urlopen
    retries = retries.increment(
  File "/Users/chinnsenn/.pyenv/versions/3.9.5/lib/python3.9/site-packages/urllib3/util/retry.py", line 574, in increment
    raise MaxRetryError(_pool, url, error or ResponseError(cause))
urllib3.exceptions.MaxRetryError: SOCKSHTTPSConnectionPool(host='api.ip.sb', port=443): Max retries exceeded with url: /geoip/ (Caused by SSLError(SSLEOFError(8, 'EOF occurred in violation of protocol (_ssl.c:1129)')))

During handling of the above exception, another exception occurred:

Traceback (most recent call last):
  File "/Users/chinnsenn/Developments.localized/PythonProjects/SSRSpeedN-Mod/ssrspeed/utils/geo_ip.py", line 66, in IPLoc
    rep = requests.get("https://api.ip.sb/geoip/{}".format(ip),proxies = {
  File "/Users/chinnsenn/.pyenv/versions/3.9.5/lib/python3.9/site-packages/requests/api.py", line 76, in get
    return request('get', url, params=params, **kwargs)
  File "/Users/chinnsenn/.pyenv/versions/3.9.5/lib/python3.9/site-packages/requests/api.py", line 61, in request
    return session.request(method=method, url=url, **kwargs)
  File "/Users/chinnsenn/.pyenv/versions/3.9.5/lib/python3.9/site-packages/requests/sessions.py", line 542, in request
    resp = self.send(prep, **send_kwargs)
  File "/Users/chinnsenn/.pyenv/versions/3.9.5/lib/python3.9/site-packages/requests/sessions.py", line 655, in send
    r = adapter.send(request, **kwargs)
  File "/Users/chinnsenn/.pyenv/versions/3.9.5/lib/python3.9/site-packages/requests/adapters.py", line 514, in send
    raise SSLError(e, request=request)
requests.exceptions.SSLError: SOCKSHTTPSConnectionPool(host='api.ip.sb', port=443): Max retries exceeded with url: /geoip/ (Caused by SSLError(SSLEOFError(8, 'EOF occurred in violation of protocol (_ssl.c:1129)')))
[2021-10-18 16:21:46,117][INFO][4587695616][speed_test.py:127]Node outbound IP : N/A, Geo : N/A Unknown City, N/A
[2021-10-18 16:21:46,118][INFO][4587695616][speed_test.py:135]Performing netflix test LOCAL_PORT: 1087.
[2021-10-18 16:21:46,153][ERROR][4587695616][speed_test.py:177]ä»£ç†æœåŠ¡å™¨è¿æ¥å¼‚å¸¸ï¼š(MaxRetryError("SOCKSHTTPSConnectionPool(host='www.netflix.com', port=443): Max retries exceeded with url: /title/70242311 (Caused by SSLError(SSLEOFError(8, 'EOF occurred in violation of protocol (_ssl.c:1129)')))"),)
[2021-10-18 16:21:46,156][INFO][4587695616][platform_check.py:9]Platform Info : macOS-11.6-x86_64-i386-64bit
[2021-10-18 16:21:46,157][INFO][4587695616][base_client.py:51]Client terminated.
[2021-10-18 16:21:47,158][INFO][4587695616][speed_test.py:242]Starting test ğŸ”°å›½å¤–æµé‡ - ASYNCHRONOUS TRANSFERMODE æ°¸ä¹…è™šé€šè·¯è¿æ¥PVCC C01 [2/198]
[2021-10-18 16:21:47,159][INFO][4587695616][platform_check.py:9]Platform Info : macOS-11.6-x86_64-i386-64bit
[2021-10-18 16:21:47,161][INFO][4587695616][platform_check.py:9]Platform Info : macOS-11.6-x86_64-i386-64bit
[2021-10-18 16:21:47,161][INFO][4587695616][platform_check.py:9]Platform Info : macOS-11.6-x86_64-i386-64bit
[2021-10-18 16:21:47,162][INFO][4587695616][platform_check.py:9]Platform Info : macOS-11.6-x86_64-i386-64bit
[2021-10-18 16:21:47,169][INFO][4587695616][client_shadowsocks.py:36]Starting Shadowsocks-libev with server pvcc01.cathayroute.com:33400
[2021-10-18 16:21:48,173][INFO][4587695616][speed_test.py:276]Client started.
[2021-10-18 16:21:49,177][INFO][4587695616][geo_ip.py:46]Translating pvcc01.cathayroute.com to ipv4.
[2021-10-18 16:21:49,178][INFO][4587695616][geo_ip.py:63]Starting Geo IP.
[2021-10-18 16:21:50,249][ERROR][4587695616][geo_ip.py:76]Geo IP Failed.
Traceback (most recent call last):
  File "/Users/chinnsenn/Developments.localized/PythonProjects/SSRSpeedN-Mod/ssrspeed/utils/geo_ip.py", line 66, in IPLoc
    rep = requests.get("https://api.ip.sb/geoip/{}".format(ip),proxies = {
  File "/Users/chinnsenn/.pyenv/versions/3.9.5/lib/python3.9/site-packages/requests/api.py", line 76, in get
    return request('get', url, params=params, **kwargs)
  File "/Users/chinnsenn/.pyenv/versions/3.9.5/lib/python3.9/site-packages/requests/api.py", line 61, in request
    return session.request(method=method, url=url, **kwargs)
  File "/Users/chinnsenn/.pyenv/versions/3.9.5/lib/python3.9/site-packages/requests/sessions.py", line 542, in request
    resp = self.send(prep, **send_kwargs)
  File "/Users/chinnsenn/.pyenv/versions/3.9.5/lib/python3.9/site-packages/requests/sessions.py", line 655, in send
    r = adapter.send(request, **kwargs)
  File "/Users/chinnsenn/.pyenv/versions/3.9.5/lib/python3.9/site-packages/requests/adapters.py", line 439, in send
    resp = conn.urlopen(
  File "/Users/chinnsenn/.pyenv/versions/3.9.5/lib/python3.9/site-packages/urllib3/connectionpool.py", line 699, in urlopen
    httplib_response = self._make_request(
  File "/Users/chinnsenn/.pyenv/versions/3.9.5/lib/python3.9/site-packages/urllib3/connectionpool.py", line 445, in _make_request
    six.raise_from(e, None)
  File "<string>", line 3, in raise_from
  File "/Users/chinnsenn/.pyenv/versions/3.9.5/lib/python3.9/site-packages/urllib3/connectionpool.py", line 440, in _make_request
    httplib_response = conn.getresponse()
  File "/Users/chinnsenn/.pyenv/versions/3.9.5/lib/python3.9/http/client.py", line 1345, in getresponse
    response.begin()
  File "/Users/chinnsenn/.pyenv/versions/3.9.5/lib/python3.9/http/client.py", line 307, in begin
    version, status, reason = self._read_status()
  File "/Users/chinnsenn/.pyenv/versions/3.9.5/lib/python3.9/http/client.py", line 268, in _read_status
    line = str(self.fp.readline(_MAXLINE + 1), "iso-8859-1")
  File "/Users/chinnsenn/.pyenv/versions/3.9.5/lib/python3.9/socket.py", line 704, in readinto
    return self._sock.recv_into(b)
  File "/Users/chinnsenn/.pyenv/versions/3.9.5/lib/python3.9/ssl.py", line 1241, in recv_into
    return self.read(nbytes, buffer)
  File "/Users/chinnsenn/.pyenv/versions/3.9.5/lib/python3.9/ssl.py", line 1099, in read
    return self._sslobj.read(len, buffer)
KeyboardInterrupt
[2021-10-18 16:21:50,259][INFO][4587695616][speed_test.py:111]Node inbound IP : 162.14.11.142, Geo : N/A Unknown City, N/A
[2021-10-18 16:21:50,259][INFO][4587695616][speed_test_methods.py:72]Testing latency to server.
[2021-10-18 16:21:51,741][INFO][4587695616][speed_test_methods.py:68]Testing latency to google.
[2021-10-18 16:21:51,743][ERROR][4587695616][ping.py:73]Google Ping Exception:
Traceback (most recent call last):
  File "/Users/chinnsenn/Developments.localized/PythonProjects/SSRSpeedN-Mod/ssrspeed/speed_test/test_methods/ping.py", line 55, in google_ping
    s.connect((address,port))
ConnectionRefusedError: [Errno 61] Connection refused
[2021-10-18 16:21:51,744][ERROR][4587695616][ping.py:73]Google Ping Exception:
Traceback (most recent call last):
  File "/Users/chinnsenn/Developments.localized/PythonProjects/SSRSpeedN-Mod/ssrspeed/speed_test/test_methods/ping.py", line 55, in google_ping
    s.connect((address,port))
ConnectionRefusedError: [Errno 61] Connection refused
[2021-10-18 16:21:51,745][ERROR][4587695616][ping.py:73]Google Ping Exception:
Traceback (most recent call last):
  File "/Users/chinnsenn/Developments.localized/PythonProjects/SSRSpeedN-Mod/ssrspeed/speed_test/test_methods/ping.py", line 55, in google_ping
    s.connect((address,port))
ConnectionRefusedError: [Errno 61] Connection refused
[2021-10-18 16:21:51,745][INFO][4587695616][geo_ip.py:63]Starting Geo IP.
[2021-10-18 16:21:51,752][ERROR][4587695616][geo_ip.py:76]Geo IP Failed.
Traceback (most recent call last):
  File "/Users/chinnsenn/.pyenv/versions/3.9.5/lib/python3.9/site-packages/socks.py", line 787, in connect
    super(socksocket, self).connect(proxy_addr)
ConnectionRefusedError: [Errno 61] Connection refused

During handling of the above exception, another exception occurred:

Traceback (most recent call last):
  File "/Users/chinnsenn/.pyenv/versions/3.9.5/lib/python3.9/site-packages/urllib3/contrib/socks.py", line 96, in _new_conn
    conn = socks.create_connection(
  File "/Users/chinnsenn/.pyenv/versions/3.9.5/lib/python3.9/site-packages/socks.py", line 209, in create_connection
    raise err
  File "/Users/chinnsenn/.pyenv/versions/3.9.5/lib/python3.9/site-packages/socks.py", line 199, in create_connection
    sock.connect((remote_host, remote_port))
  File "/Users/chinnsenn/.pyenv/versions/3.9.5/lib/python3.9/site-packages/socks.py", line 47, in wrapper
    return function(*args, **kwargs)
  File "/Users/chinnsenn/.pyenv/versions/3.9.5/lib/python3.9/site-packages/socks.py", line 800, in connect
    raise ProxyConnectionError(msg, error)
socks.ProxyConnectionError: Error connecting to SOCKS5 proxy 127.0.0.1:1087: [Errno 61] Connection refused

During handling of the above exception, another exception occurred:

Traceback (most recent call last):
  File "/Users/chinnsenn/.pyenv/versions/3.9.5/lib/python3.9/site-packages/urllib3/connectionpool.py", line 699, in urlopen
    httplib_response = self._make_request(
  File "/Users/chinnsenn/.pyenv/versions/3.9.5/lib/python3.9/site-packages/urllib3/connectionpool.py", line 382, in _make_request
    self._validate_conn(conn)
  File "/Users/chinnsenn/.pyenv/versions/3.9.5/lib/python3.9/site-packages/urllib3/connectionpool.py", line 1010, in _validate_conn
    conn.connect()
  File "/Users/chinnsenn/.pyenv/versions/3.9.5/lib/python3.9/site-packages/urllib3/connection.py", line 353, in connect
    conn = self._new_conn()
  File "/Users/chinnsenn/.pyenv/versions/3.9.5/lib/python3.9/site-packages/urllib3/contrib/socks.py", line 127, in _new_conn
    raise NewConnectionError(
urllib3.exceptions.NewConnectionError: <urllib3.contrib.socks.SOCKSHTTPSConnection object at 0x10798a7c0>: Failed to establish a new connection: [Errno 61] Connection refused

During handling of the above exception, another exception occurred:

Traceback (most recent call last):
  File "/Users/chinnsenn/.pyenv/versions/3.9.5/lib/python3.9/site-packages/requests/adapters.py", line 439, in send
    resp = conn.urlopen(
  File "/Users/chinnsenn/.pyenv/versions/3.9.5/lib/python3.9/site-packages/urllib3/connectionpool.py", line 755, in urlopen
    retries = retries.increment(
  File "/Users/chinnsenn/.pyenv/versions/3.9.5/lib/python3.9/site-packages/urllib3/util/retry.py", line 574, in increment
    raise MaxRetryError(_pool, url, error or ResponseError(cause))
urllib3.exceptions.MaxRetryError: SOCKSHTTPSConnectionPool(host='api.ip.sb', port=443): Max retries exceeded with url: /geoip/ (Caused by NewConnectionError('<urllib3.contrib.socks.SOCKSHTTPSConnection object at 0x10798a7c0>: Failed to establish a new connection: [Errno 61] Connection refused'))

During handling of the above exception, another exception occurred:

Traceback (most recent call last):
  File "/Users/chinnsenn/Developments.localized/PythonProjects/SSRSpeedN-Mod/ssrspeed/utils/geo_ip.py", line 66, in IPLoc
    rep = requests.get("https://api.ip.sb/geoip/{}".format(ip),proxies = {
  File "/Users/chinnsenn/.pyenv/versions/3.9.5/lib/python3.9/site-packages/requests/api.py", line 76, in get
    return request('get', url, params=params, **kwargs)
  File "/Users/chinnsenn/.pyenv/versions/3.9.5/lib/python3.9/site-packages/requests/api.py", line 61, in request
    return session.request(method=method, url=url, **kwargs)
  File "/Users/chinnsenn/.pyenv/versions/3.9.5/lib/python3.9/site-packages/requests/sessions.py", line 542, in request
    resp = self.send(prep, **send_kwargs)
  File "/Users/chinnsenn/.pyenv/versions/3.9.5/lib/python3.9/site-packages/requests/sessions.py", line 655, in send
    r = adapter.send(request, **kwargs)
  File "/Users/chinnsenn/.pyenv/versions/3.9.5/lib/python3.9/site-packages/requests/adapters.py", line 516, in send
    raise ConnectionError(e, request=request)
requests.exceptions.ConnectionError: SOCKSHTTPSConnectionPool(host='api.ip.sb', port=443): Max retries exceeded with url: /geoip/ (Caused by NewConnectionError('<urllib3.contrib.socks.SOCKSHTTPSConnection object at 0x10798a7c0>: Failed to establish a new connection: [Errno 61] Connection refused'))
[2021-10-18 16:21:51,759][INFO][4587695616][speed_test.py:127]Node outbound IP : N/A, Geo : N/A Unknown City, N/A
[2021-10-18 16:21:51,759][INFO][4587695616][speed_test.py:135]Performing netflix test LOCAL_PORT: 1087.
[2021-10-18 16:21:51,764][ERROR][4587695616][speed_test.py:177]ä»£ç†æœåŠ¡å™¨è¿æ¥å¼‚å¸¸ï¼š(MaxRetryError("SOCKSHTTPSConnectionPool(host='www.netflix.com', port=443): Max retries exceeded with url: /title/70242311 (Caused by NewConnectionError('<urllib3.contrib.socks.SOCKSHTTPSConnection object at 0x107a97580>: Failed to establish a new connection: [Errno 61] Connection refused'))"),)
[2021-10-18 16:21:51,765][INFO][4587695616][platform_check.py:9]Platform Info : macOS-11.6-x86_64-i386-64bit
[2021-10-18 16:21:51,766][INFO][4587695616][base_client.py:51]Client terminated.
[2021-10-18 16:21:52,769][INFO][4587695616][speed_test.py:242]Starting test ğŸ”°å›½å¤–æµé‡ - IPV6 ä¿„ç½—æ–¯ C01 [3/198]
[2021-10-18 16:21:52,770][INFO][4587695616][platform_check.py:9]Platform Info : macOS-11.6-x86_64-i386-64bit
[2021-10-18 16:21:52,771][INFO][4587695616][platform_check.py:9]Platform Info : macOS-11.6-x86_64-i386-64bit
[2021-10-18 16:21:52,772][INFO][4587695616][platform_check.py:9]Platform Info : macOS-11.6-x86_64-i386-64bit
[2021-10-18 16:21:52,772][INFO][4587695616][platform_check.py:9]Platform Info : macOS-11.6-x86_64-i386-64bit
[2021-10-18 16:21:52,781][INFO][4587695616][client_shadowsocks.py:36]Starting Shadowsocks-libev with server 2a00:b700:2::8:e6:33400
[2021-10-18 16:21:53,784][INFO][4587695616][speed_test.py:276]Client started.
[2021-10-18 16:21:53,841][INFO][4587695616][platform_check.py:9]Platform Info : macOS-11.6-x86_64-i386-64bit
[2021-10-18 16:21:53,841][INFO][4587695616][base_client.py:51]Client terminated.
